<?xml version="1.0" encoding="UTF-8"?>
<!-- Generated by org.testng.reporters.JUnitReportReporter -->
<testsuite skipped="0" hostname="DESKTOP-6DIG0QK" name="com.RemoteWebDriver.TestCases.SeleniumTest" tests="2" failures="0" timestamp="04 Jun 2020 10:41:33 GMT" time="34.669" errors="0">
  <testcase name="tcSeleniumRemoteExecution" time="8.011" classname="com.RemoteWebDriver.TestCases.SeleniumTest"/>
  <testcase name="tcSeleniumRemoteExecution" time="26.658" classname="com.RemoteWebDriver.TestCases.SeleniumTest"/>
</testsuite> <!-- com.RemoteWebDriver.TestCases.SeleniumTest -->
